# JRE version: Java(TM) SE Runtime Environment 18.9 (11.0.16+11) (build 11.0.16+11-LTS-199)
# Java VM: Java HotSpot(TM) 64-Bit Server VM 18.9 (11.0.16+11-LTS-199, mixed mode, tiered, compressed oops, g1 gc, windows-amd64)
Heap:
 garbage-first heap   total 260096K, used 152068K [0x0000000703600000, 0x0000000800000000)
  region size 1024K, 143 young (146432K), 12 survivors (12288K)
 Metaspace       used 57092K, capacity 58383K, committed 58752K, reserved 1099776K
  class space    used 7144K, capacity 7683K, committed 7808K, reserved 1048576K
GC Heap History (10 events):
Event: 10.801 GC heap before
{Heap before GC invocations=0 (full 0):
 garbage-first heap   total 260096K, used 25600K [0x0000000703600000, 0x0000000800000000)
  region size 1024K, 24 young (24576K), 0 survivors (0K)
 Metaspace       used 11750K, capacity 11929K, committed 12288K, reserved 1060864K
  class space    used 1118K, capacity 1168K, committed 1280K, reserved 1048576K
}
Event: 10.870 GC heap after
{Heap after GC invocations=1 (full 0):
 garbage-first heap   total 260096K, used 7178K [0x0000000703600000, 0x0000000800000000)
  region size 1024K, 3 young (3072K), 3 survivors (3072K)
 Metaspace       used 11750K, capacity 11929K, committed 12288K, reserved 1060864K
  class space    used 1118K, capacity 1168K, committed 1280K, reserved 1048576K
}
Event: 14.618 GC heap before
{Heap before GC invocations=1 (full 0):
 garbage-first heap   total 260096K, used 63498K [0x0000000703600000, 0x0000000800000000)
  region size 1024K, 59 young (60416K), 3 survivors (3072K)
 Metaspace       used 20715K, capacity 21151K, committed 21248K, reserved 1069056K
  class space    used 2280K, capacity 2482K, committed 2560K, reserved 1048576K
}
Event: 14.654 GC heap after
{Heap after GC invocations=2 (full 0):
 garbage-first heap   total 260096K, used 9581K [0x0000000703600000, 0x0000000800000000)
  region size 1024K, 6 young (6144K), 6 survivors (6144K)
 Metaspace       used 20715K, capacity 21151K, committed 21248K, reserved 1069056K
  class space    used 2280K, capacity 2482K, committed 2560K, reserved 1048576K
}
Event: 16.485 GC heap before
{Heap before GC invocations=3 (full 0):
 garbage-first heap   total 260096K, used 52589K [0x0000000703600000, 0x0000000800000000)
  region size 1024K, 49 young (50176K), 6 survivors (6144K)
 Metaspace       used 25639K, capacity 26233K, committed 26496K, reserved 1073152K
  class space    used 2873K, capacity 3132K, committed 3200K, reserved 1048576K
}
Event: 16.490 GC heap after
{Heap after GC invocations=4 (full 0):
 garbage-first heap   total 260096K, used 11242K [0x0000000703600000, 0x0000000800000000)
  region size 1024K, 4 young (4096K), 4 survivors (4096K)
 Metaspace       used 25639K, capacity 26233K, committed 26496K, reserved 1073152K
  class space    used 2873K, capacity 3132K, committed 3200K, reserved 1048576K
}
Event: 18.276 GC heap before
{Heap before GC invocations=5 (full 0):
 garbage-first heap   total 260096K, used 87018K [0x0000000703600000, 0x0000000800000000)
  region size 1024K, 78 young (79872K), 4 survivors (4096K)
 Metaspace       used 30355K, capacity 31160K, committed 31488K, reserved 1077248K
  class space    used 3416K, capacity 3729K, committed 3840K, reserved 1048576K
}
Event: 18.281 GC heap after
{Heap after GC invocations=6 (full 0):
 garbage-first heap   total 260096K, used 13833K [0x0000000703600000, 0x0000000800000000)
  region size 1024K, 7 young (7168K), 7 survivors (7168K)
 Metaspace       used 30355K, capacity 31160K, committed 31488K, reserved 1077248K
  class space    used 3416K, capacity 3729K, committed 3840K, reserved 1048576K
}
Event: 39.560 GC heap before
{Heap before GC invocations=6 (full 0):
 garbage-first heap   total 260096K, used 132617K [0x0000000703600000, 0x0000000800000000)
  region size 1024K, 124 young (126976K), 7 survivors (7168K)
 Metaspace       used 42896K, capacity 44010K, committed 44160K, reserved 1087488K
  class space    used 5154K, capacity 5636K, committed 5760K, reserved 1048576K
}
Event: 39.573 GC heap after
{Heap after GC invocations=7 (full 0):
 garbage-first heap   total 260096K, used 18948K [0x0000000703600000, 0x0000000800000000)
  region size 1024K, 12 young (12288K), 12 survivors (12288K)
 Metaspace       used 42896K, capacity 44010K, committed 44160K, reserved 1087488K
  class space    used 5154K, capacity 5636K, committed 5760K, reserved 1048576K
}

