# JRE version: Java(TM) SE Runtime Environment 18.9 (11.0.16+11) (build 11.0.16+11-LTS-199)
# Java VM: Java HotSpot(TM) 64-Bit Server VM 18.9 (11.0.16+11-LTS-199, mixed mode, tiered, compressed oops, g1 gc, windows-amd64)
Heap:
 garbage-first heap   total 260096K, used 48535K [0x0000000703600000, 0x0000000800000000)
  region size 1024K, 42 young (43008K), 5 survivors (5120K)
 Metaspace       used 29140K, capacity 29973K, committed 30080K, reserved 1075200K
  class space    used 3291K, capacity 3609K, committed 3712K, reserved 1048576K
GC Heap History (6 events):
Event: 0.990 GC heap before
{Heap before GC invocations=0 (full 0):
 garbage-first heap   total 260096K, used 24576K [0x0000000703600000, 0x0000000800000000)
  region size 1024K, 24 young (24576K), 0 survivors (0K)
 Metaspace       used 11649K, capacity 11796K, committed 12032K, reserved 1060864K
  class space    used 1110K, capacity 1166K, committed 1280K, reserved 1048576K
}
Event: 1.003 GC heap after
{Heap after GC invocations=1 (full 0):
 garbage-first heap   total 260096K, used 6802K [0x0000000703600000, 0x0000000800000000)
  region size 1024K, 3 young (3072K), 3 survivors (3072K)
 Metaspace       used 11649K, capacity 11796K, committed 12032K, reserved 1060864K
  class space    used 1110K, capacity 1166K, committed 1280K, reserved 1048576K
}
Event: 1.811 GC heap before
{Heap before GC invocations=1 (full 0):
 garbage-first heap   total 260096K, used 63122K [0x0000000703600000, 0x0000000800000000)
  region size 1024K, 59 young (60416K), 3 survivors (3072K)
 Metaspace       used 20648K, capacity 21129K, committed 21248K, reserved 1069056K
  class space    used 2251K, capacity 2473K, committed 2560K, reserved 1048576K
}
Event: 1.817 GC heap after
{Heap after GC invocations=2 (full 0):
 garbage-first heap   total 260096K, used 9288K [0x0000000703600000, 0x0000000800000000)
  region size 1024K, 6 young (6144K), 6 survivors (6144K)
 Metaspace       used 20648K, capacity 21129K, committed 21248K, reserved 1069056K
  class space    used 2251K, capacity 2473K, committed 2560K, reserved 1048576K
}
Event: 2.520 GC heap before
{Heap before GC invocations=3 (full 0):
 garbage-first heap   total 260096K, used 71752K [0x0000000703600000, 0x0000000800000000)
  region size 1024K, 68 young (69632K), 6 survivors (6144K)
 Metaspace       used 26891K, capacity 27546K, committed 27648K, reserved 1073152K
  class space    used 3001K, capacity 3292K, committed 3328K, reserved 1048576K
}
Event: 2.524 GC heap after
{Heap after GC invocations=4 (full 0):
 garbage-first heap   total 260096K, used 11671K [0x0000000703600000, 0x0000000800000000)
  region size 1024K, 5 young (5120K), 5 survivors (5120K)
 Metaspace       used 26891K, capacity 27546K, committed 27648K, reserved 1073152K
  class space    used 3001K, capacity 3292K, committed 3328K, reserved 1048576K
}

